<?xml version="1.0" encoding="UTF-8"?>
<!-- Generated by org.testng.reporters.JUnitReportReporter -->
<testsuite hostname="PG01CBAC" name="com.cucumber.parallel.cardekho.runners.Runner_newcar_outline_search_feature" tests="1" failures="0" timestamp="20 Jan 2019 07:31:25 GMT" time="25.504" errors="0">
  <testcase name="runCuke" time="25.504" classname="com.cucumber.parallel.cardekho.runners.Runner_newcar_outline_search_feature"/>
</testsuite> <!-- com.cucumber.parallel.cardekho.runners.Runner_newcar_outline_search_feature -->
