<?xml version="1.0" encoding="UTF-8"?>
<!-- Generated by org.testng.reporters.JUnitReportReporter -->
<testsuite hostname="PG014UCR" name="com.cucumber.parallel.cardekho.runners.Runner_newcar_search_feature" tests="1" failures="0" timestamp="20 Dec 2018 05:10:04 GMT" time="28.141" errors="0">
  <testcase name="runCuke" time="28.141" classname="com.cucumber.parallel.cardekho.runners.Runner_newcar_search_feature"/>
</testsuite> <!-- com.cucumber.parallel.cardekho.runners.Runner_newcar_search_feature -->
