<?xml version="1.0" encoding="UTF-8"?>
<!-- Generated by org.testng.reporters.JUnitReportReporter -->
<testsuite hostname="LAPTOP-89MB722U" failures="0" tests="1" name="com.cucumber.parallel.cardekho.runners.Runner_newcar_outline_search_feature" time="34.087" errors="0" timestamp="19 Mar 2019 05:51:57 GMT">
  <testcase classname="com.cucumber.parallel.cardekho.runners.Runner_newcar_outline_search_feature" name="runCuke" time="34.087"/>
</testsuite> <!-- com.cucumber.parallel.cardekho.runners.Runner_newcar_outline_search_feature -->
