<?xml version="1.0" encoding="UTF-8"?>
<!-- Generated by org.testng.reporters.JUnitReportReporter -->
<testsuite skipped="0" hostname="PG014UCR" name="com.cucumber.parallel.runners.Runner_searchoutline_Feature" tests="1" failures="0" timestamp="17 Dec 2018 16:33:40 GMT" time="33.925" errors="0">
  <testcase name="runCuke" time="33.925" classname="com.cucumber.parallel.runners.Runner_searchoutline_Feature"/>
</testsuite> <!-- com.cucumber.parallel.runners.Runner_searchoutline_Feature -->
